
> ecommerce-saas@0.1.0 build
> next build

Attention: Next.js now collects completely anonymous telemetry regarding usage.
This information is used to shape Next.js' roadmap and prioritize features.
You can learn more, including how to opt-out if you'd not like to participate in this anonymous program, by visiting the following URL:
https://nextjs.org/telemetry

   ▲ Next.js 15.1.6
   - Environments: .env.local

   Creating an optimized production build ...
 ⚠ Compiled with warnings

./src/app/api/admin/franchise/clients/route.ts
Attempted import error: 'getDb' is not exported from '@/lib/db/mongodb' (imported as 'getDb').

Import trace for requested module:
./src/app/api/admin/franchise/clients/route.ts

./src/app/api/admin/franchise/clients/route.ts
Attempted import error: 'getDb' is not exported from '@/lib/db/mongodb' (imported as 'getDb').

Import trace for requested module:
./src/app/api/admin/franchise/clients/route.ts

./src/app/api/admin/users/route.ts
Attempted import error: 'getDb' is not exported from '@/lib/db/mongodb' (imported as 'getDb').

Import trace for requested module:
./src/app/api/admin/users/route.ts

./src/app/api/admin/users/route.ts
Attempted import error: 'getDb' is not exported from '@/lib/db/mongodb' (imported as 'getDb').

Import trace for requested module:
./src/app/api/admin/users/route.ts

./src/lib/branding/branding-service.ts
Attempted import error: 'getDb' is not exported from '@/lib/db/mongodb' (imported as 'getDb').

Import trace for requested module:
./src/lib/branding/branding-service.ts
./src/app/api/admin/branding/route.ts

./src/lib/rbac/rbac-service.ts
Attempted import error: 'getDb' is not exported from '@/lib/db/mongodb' (imported as 'getDb').

Import trace for requested module:
./src/lib/rbac/rbac-service.ts
./src/app/api/admin/users/route.ts

 ✓ Compiled successfully
   Linting and checking validity of types ...
Failed to compile.

src/app/admin/pages/[id]/page.tsx
Type error: Type '{ params: { id: string; }; }' does not satisfy the constraint 'PageProps'.
  Types of property 'params' are incompatible.
    Type '{ id: string; }' is missing the following properties from type 'Promise<any>': then, catch, finally, [Symbol.toStringTag]

Static worker exited with code: 1 and signal: null
